<?xml version="1.0" encoding="UTF-8"?>
<testng-results skipped="0" failed="0" total="19" passed="19">
  <reporter-output>
  </reporter-output>
  <suite name="TestNg Session" duration-ms="255328" started-at="2020-10-12T06:10:00Z" finished-at="2020-10-12T06:14:15Z">
    <groups>
    </groups>
    <test name="Differnt test methods" duration-ms="255328" started-at="2020-10-12T06:10:00Z" finished-at="2020-10-12T06:14:15Z">
      <class name="com.test.ExceptionTimeoutTest">
        <test-method status="PASS" signature="test1()[pri:0, instance:com.test.ExceptionTimeoutTest@d2cc05a]" name="test1" duration-ms="2" started-at="2020-10-12T11:43:15Z" finished-at="2020-10-12T11:43:15Z">
          <exception class="java.lang.NumberFormatException">
            <message>
              <![CDATA[For input string: "100A"]]>
            </message>
            <full-stacktrace>
              <![CDATA[java.lang.NumberFormatException: For input string: "100A"
	at java.lang.NumberFormatException.forInputString(Unknown Source)
	at java.lang.Integer.parseInt(Unknown Source)
	at java.lang.Integer.parseInt(Unknown Source)
	at com.test.ExceptionTimeoutTest.test1(ExceptionTimeoutTest.java:11)
	at sun.reflect.NativeMethodAccessorImpl.invoke0(Native Method)
	at sun.reflect.NativeMethodAccessorImpl.invoke(Unknown Source)
	at sun.reflect.DelegatingMethodAccessorImpl.invoke(Unknown Source)
	at java.lang.reflect.Method.invoke(Unknown Source)
	at org.testng.internal.MethodInvocationHelper.invokeMethod(MethodInvocationHelper.java:100)
	at org.testng.internal.Invoker.invokeMethod(Invoker.java:646)
	at org.testng.internal.Invoker.invokeTestMethod(Invoker.java:811)
	at org.testng.internal.Invoker.invokeTestMethods(Invoker.java:1129)
	at org.testng.internal.TestMethodWorker.invokeTestMethods(TestMethodWorker.java:129)
	at org.testng.internal.TestMethodWorker.run(TestMethodWorker.java:112)
	at org.testng.TestRunner.privateRun(TestRunner.java:746)
	at org.testng.TestRunner.run(TestRunner.java:600)
	at org.testng.SuiteRunner.runTest(SuiteRunner.java:366)
	at org.testng.SuiteRunner.runSequentially(SuiteRunner.java:361)
	at org.testng.SuiteRunner.privateRun(SuiteRunner.java:319)
	at org.testng.SuiteRunner.run(SuiteRunner.java:268)
	at org.testng.SuiteRunnerWorker.runSuite(SuiteRunnerWorker.java:52)
	at org.testng.SuiteRunnerWorker.run(SuiteRunnerWorker.java:86)
	at org.testng.TestNG.runSuitesSequentially(TestNG.java:1264)
	at org.testng.TestNG.runSuitesLocally(TestNG.java:1189)
	at org.testng.TestNG.runSuites(TestNG.java:1104)
	at org.testng.TestNG.run(TestNG.java:1076)
	at org.testng.remote.AbstractRemoteTestNG.run(AbstractRemoteTestNG.java:126)
	at org.testng.remote.RemoteTestNG.initAndRun(RemoteTestNG.java:152)
	at org.testng.remote.RemoteTestNG.main(RemoteTestNG.java:57)
]]>
            </full-stacktrace>
          </exception> <!-- java.lang.NumberFormatException -->
          <reporter-output>
          </reporter-output>
        </test-method> <!-- test1 -->
      </class> <!-- com.test.ExceptionTimeoutTest -->
      <class name="com.test.TestngBasics">
        <test-method status="PASS" signature="setup()[pri:0, instance:com.test.TestngBasics@58651fd0]" name="setup" is-config="true" duration-ms="128" started-at="2020-10-12T11:40:00Z" finished-at="2020-10-12T11:40:00Z">
          <reporter-output>
          </reporter-output>
        </test-method> <!-- setup -->
        <test-method status="PASS" signature="launchBrowser()[pri:0, instance:com.test.TestngBasics@58651fd0]" name="launchBrowser" is-config="true" duration-ms="1" started-at="2020-10-12T11:40:00Z" finished-at="2020-10-12T11:40:00Z">
          <reporter-output>
          </reporter-output>
        </test-method> <!-- launchBrowser -->
        <test-method status="PASS" signature="login()[pri:0, instance:com.test.TestngBasics@58651fd0]" name="login" is-config="true" duration-ms="2" started-at="2020-10-12T11:40:00Z" finished-at="2020-10-12T11:40:00Z">
          <reporter-output>
          </reporter-output>
        </test-method> <!-- login -->
        <test-method status="PASS" signature="enterURL()[pri:0, instance:com.test.TestngBasics@58651fd0]" name="enterURL" is-config="true" duration-ms="1" started-at="2020-10-12T11:40:00Z" finished-at="2020-10-12T11:40:00Z">
          <reporter-output>
          </reporter-output>
        </test-method> <!-- enterURL -->
        <test-method status="PASS" signature="googleTitleTest()[pri:0, instance:com.test.TestngBasics@58651fd0]" name="googleTitleTest" duration-ms="6" started-at="2020-10-12T11:40:00Z" finished-at="2020-10-12T11:40:00Z">
          <reporter-output>
          </reporter-output>
        </test-method> <!-- googleTitleTest -->
        <test-method status="PASS" signature="enterURL()[pri:0, instance:com.test.TestngBasics@58651fd0]" name="enterURL" is-config="true" duration-ms="0" started-at="2020-10-12T11:40:00Z" finished-at="2020-10-12T11:40:00Z">
          <reporter-output>
          </reporter-output>
        </test-method> <!-- enterURL -->
        <test-method status="PASS" signature="logout()[pri:0, instance:com.test.TestngBasics@58651fd0]" name="logout" is-config="true" duration-ms="0" started-at="2020-10-12T11:40:00Z" finished-at="2020-10-12T11:40:00Z">
          <reporter-output>
          </reporter-output>
        </test-method> <!-- logout -->
        <test-method status="PASS" signature="searchTest()[pri:0, instance:com.test.TestngBasics@58651fd0]" name="searchTest" duration-ms="5" started-at="2020-10-12T11:40:00Z" finished-at="2020-10-12T11:40:00Z">
          <reporter-output>
          </reporter-output>
        </test-method> <!-- searchTest -->
        <test-method status="PASS" signature="logout()[pri:0, instance:com.test.TestngBasics@58651fd0]" name="logout" is-config="true" duration-ms="1" started-at="2020-10-12T11:40:00Z" finished-at="2020-10-12T11:40:00Z">
          <reporter-output>
          </reporter-output>
        </test-method> <!-- logout -->
        <test-method status="PASS" signature="closeBrowser()[pri:0, instance:com.test.TestngBasics@58651fd0]" name="closeBrowser" is-config="true" duration-ms="0" started-at="2020-10-12T11:40:00Z" finished-at="2020-10-12T11:40:00Z">
          <reporter-output>
          </reporter-output>
        </test-method> <!-- closeBrowser -->
        <test-method status="PASS" signature="deleteAllCookies()[pri:0, instance:com.test.TestngBasics@58651fd0]" name="deleteAllCookies" is-config="true" duration-ms="1" started-at="2020-10-12T11:44:15Z" finished-at="2020-10-12T11:44:15Z">
          <reporter-output>
          </reporter-output>
        </test-method> <!-- deleteAllCookies -->
        <test-method status="PASS" signature="generateTestReport()[pri:0, instance:com.test.TestngBasics@58651fd0]" name="generateTestReport" is-config="true" duration-ms="0" started-at="2020-10-12T11:44:15Z" finished-at="2020-10-12T11:44:15Z">
          <reporter-output>
          </reporter-output>
        </test-method> <!-- generateTestReport -->
      </class> <!-- com.test.TestngBasics -->
      <class name="com.test.AssertionConcept">
        <test-method status="PASS" signature="setUp()[pri:0, instance:com.test.AssertionConcept@4f933fd1]" name="setUp" is-config="true" duration-ms="12276" started-at="2020-10-12T11:43:15Z" finished-at="2020-10-12T11:43:27Z">
          <reporter-output>
          </reporter-output>
        </test-method> <!-- setUp -->
        <test-method status="PASS" signature="checkBoxTest()[pri:0, instance:com.test.AssertionConcept@4f933fd1]" name="checkBoxTest" duration-ms="129" started-at="2020-10-12T11:43:27Z" finished-at="2020-10-12T11:43:28Z">
          <reporter-output>
          </reporter-output>
        </test-method> <!-- checkBoxTest -->
        <test-method status="PASS" signature="tearDown()[pri:0, instance:com.test.AssertionConcept@4f933fd1]" name="tearDown" is-config="true" duration-ms="931" started-at="2020-10-12T11:43:28Z" finished-at="2020-10-12T11:43:28Z">
          <reporter-output>
          </reporter-output>
        </test-method> <!-- tearDown -->
        <test-method status="PASS" signature="setUp()[pri:0, instance:com.test.AssertionConcept@4f933fd1]" name="setUp" is-config="true" duration-ms="13178" started-at="2020-10-12T11:43:28Z" finished-at="2020-10-12T11:43:42Z">
          <reporter-output>
          </reporter-output>
        </test-method> <!-- setUp -->
        <test-method status="PASS" signature="loginTest()[pri:0, instance:com.test.AssertionConcept@4f933fd1]" name="loginTest" duration-ms="143" started-at="2020-10-12T11:43:42Z" finished-at="2020-10-12T11:43:42Z">
          <reporter-output>
          </reporter-output>
        </test-method> <!-- loginTest -->
        <test-method status="PASS" signature="tearDown()[pri:0, instance:com.test.AssertionConcept@4f933fd1]" name="tearDown" is-config="true" duration-ms="889" started-at="2020-10-12T11:43:42Z" finished-at="2020-10-12T11:43:43Z">
          <reporter-output>
          </reporter-output>
        </test-method> <!-- tearDown -->
        <test-method status="PASS" signature="setUp()[pri:0, instance:com.test.AssertionConcept@4f933fd1]" name="setUp" is-config="true" duration-ms="13839" started-at="2020-10-12T11:43:43Z" finished-at="2020-10-12T11:43:56Z">
          <reporter-output>
          </reporter-output>
        </test-method> <!-- setUp -->
        <test-method status="PASS" signature="navigateTest()[pri:0, instance:com.test.AssertionConcept@4f933fd1]" name="navigateTest" duration-ms="5468" started-at="2020-10-12T11:43:56Z" finished-at="2020-10-12T11:44:02Z">
          <reporter-output>
          </reporter-output>
        </test-method> <!-- navigateTest -->
        <test-method status="PASS" signature="tearDown()[pri:0, instance:com.test.AssertionConcept@4f933fd1]" name="tearDown" is-config="true" duration-ms="1056" started-at="2020-10-12T11:44:02Z" finished-at="2020-10-12T11:44:03Z">
          <reporter-output>
          </reporter-output>
        </test-method> <!-- tearDown -->
        <test-method status="PASS" signature="setUp()[pri:0, instance:com.test.AssertionConcept@4f933fd1]" name="setUp" is-config="true" duration-ms="11064" started-at="2020-10-12T11:44:03Z" finished-at="2020-10-12T11:44:14Z">
          <reporter-output>
          </reporter-output>
        </test-method> <!-- setUp -->
        <test-method status="PASS" signature="rememberTest()[pri:0, instance:com.test.AssertionConcept@4f933fd1]" name="rememberTest" duration-ms="348" started-at="2020-10-12T11:44:14Z" finished-at="2020-10-12T11:44:14Z">
          <reporter-output>
          </reporter-output>
        </test-method> <!-- rememberTest -->
        <test-method status="PASS" signature="tearDown()[pri:0, instance:com.test.AssertionConcept@4f933fd1]" name="tearDown" is-config="true" duration-ms="741" started-at="2020-10-12T11:44:14Z" finished-at="2020-10-12T11:44:15Z">
          <reporter-output>
          </reporter-output>
        </test-method> <!-- tearDown -->
      </class> <!-- com.test.AssertionConcept -->
      <class name="com.test.InvocationCountTest">
        <test-method status="PASS" signature="setUp()[pri:0, instance:com.test.InvocationCountTest@5419f379]" name="setUp" is-config="true" duration-ms="44943" started-at="2020-10-12T11:40:00Z" finished-at="2020-10-12T11:40:45Z">
          <reporter-output>
          </reporter-output>
        </test-method> <!-- setUp -->
        <test-method status="PASS" signature="checkBoxTest()[pri:0, instance:com.test.InvocationCountTest@5419f379]" name="checkBoxTest" duration-ms="479" started-at="2020-10-12T11:40:45Z" finished-at="2020-10-12T11:40:46Z">
          <reporter-output>
          </reporter-output>
        </test-method> <!-- checkBoxTest -->
        <test-method status="PASS" signature="tearDown()[pri:0, instance:com.test.InvocationCountTest@5419f379]" name="tearDown" is-config="true" duration-ms="1399" started-at="2020-10-12T11:40:46Z" finished-at="2020-10-12T11:40:47Z">
          <reporter-output>
          </reporter-output>
        </test-method> <!-- tearDown -->
        <test-method status="PASS" signature="setUp()[pri:0, instance:com.test.InvocationCountTest@5419f379]" name="setUp" is-config="true" duration-ms="17032" started-at="2020-10-12T11:40:47Z" finished-at="2020-10-12T11:41:04Z">
          <reporter-output>
          </reporter-output>
        </test-method> <!-- setUp -->
        <test-method status="PASS" signature="loginTest()[pri:0, instance:com.test.InvocationCountTest@5419f379]" name="loginTest" duration-ms="1166" started-at="2020-10-12T11:41:04Z" finished-at="2020-10-12T11:41:05Z">
          <reporter-output>
          </reporter-output>
        </test-method> <!-- loginTest -->
        <test-method status="PASS" signature="tearDown()[pri:0, instance:com.test.InvocationCountTest@5419f379]" name="tearDown" is-config="true" duration-ms="1593" started-at="2020-10-12T11:41:05Z" finished-at="2020-10-12T11:41:07Z">
          <reporter-output>
          </reporter-output>
        </test-method> <!-- tearDown -->
        <test-method status="PASS" signature="setUp()[pri:0, instance:com.test.InvocationCountTest@5419f379]" name="setUp" is-config="true" duration-ms="12793" started-at="2020-10-12T11:41:07Z" finished-at="2020-10-12T11:41:20Z">
          <reporter-output>
          </reporter-output>
        </test-method> <!-- setUp -->
        <test-method status="PASS" signature="rememberTest()[pri:0, instance:com.test.InvocationCountTest@5419f379]" name="rememberTest" duration-ms="347" started-at="2020-10-12T11:41:20Z" finished-at="2020-10-12T11:41:20Z">
          <reporter-output>
          </reporter-output>
        </test-method> <!-- rememberTest -->
        <test-method status="PASS" signature="tearDown()[pri:0, instance:com.test.InvocationCountTest@5419f379]" name="tearDown" is-config="true" duration-ms="1024" started-at="2020-10-12T11:41:20Z" finished-at="2020-10-12T11:41:21Z">
          <reporter-output>
          </reporter-output>
        </test-method> <!-- tearDown -->
        <test-method status="PASS" signature="setUp()[pri:0, instance:com.test.InvocationCountTest@5419f379]" name="setUp" is-config="true" duration-ms="16124" started-at="2020-10-12T11:41:21Z" finished-at="2020-10-12T11:41:37Z">
          <reporter-output>
          </reporter-output>
        </test-method> <!-- setUp -->
        <test-method status="PASS" signature="rememberTest()[pri:0, instance:com.test.InvocationCountTest@5419f379]" name="rememberTest" duration-ms="817" started-at="2020-10-12T11:41:37Z" finished-at="2020-10-12T11:41:38Z">
          <reporter-output>
          </reporter-output>
        </test-method> <!-- rememberTest -->
        <test-method status="PASS" signature="tearDown()[pri:0, instance:com.test.InvocationCountTest@5419f379]" name="tearDown" is-config="true" duration-ms="3598" started-at="2020-10-12T11:41:38Z" finished-at="2020-10-12T11:41:41Z">
          <reporter-output>
          </reporter-output>
        </test-method> <!-- tearDown -->
        <test-method status="PASS" signature="setUp()[pri:0, instance:com.test.InvocationCountTest@5419f379]" name="setUp" is-config="true" duration-ms="30301" started-at="2020-10-12T11:41:41Z" finished-at="2020-10-12T11:42:12Z">
          <reporter-output>
          </reporter-output>
        </test-method> <!-- setUp -->
        <test-method status="PASS" signature="rememberTest()[pri:0, instance:com.test.InvocationCountTest@5419f379]" name="rememberTest" duration-ms="3019" started-at="2020-10-12T11:42:12Z" finished-at="2020-10-12T11:42:15Z">
          <reporter-output>
          </reporter-output>
        </test-method> <!-- rememberTest -->
        <test-method status="PASS" signature="tearDown()[pri:0, instance:com.test.InvocationCountTest@5419f379]" name="tearDown" is-config="true" duration-ms="6602" started-at="2020-10-12T11:42:15Z" finished-at="2020-10-12T11:42:21Z">
          <reporter-output>
          </reporter-output>
        </test-method> <!-- tearDown -->
        <test-method status="PASS" signature="setUp()[pri:0, instance:com.test.InvocationCountTest@5419f379]" name="setUp" is-config="true" duration-ms="12170" started-at="2020-10-12T11:42:21Z" finished-at="2020-10-12T11:42:34Z">
          <reporter-output>
          </reporter-output>
        </test-method> <!-- setUp -->
        <test-method status="PASS" signature="rememberTest()[pri:0, instance:com.test.InvocationCountTest@5419f379]" name="rememberTest" duration-ms="173" started-at="2020-10-12T11:42:34Z" finished-at="2020-10-12T11:42:34Z">
          <reporter-output>
          </reporter-output>
        </test-method> <!-- rememberTest -->
        <test-method status="PASS" signature="tearDown()[pri:0, instance:com.test.InvocationCountTest@5419f379]" name="tearDown" is-config="true" duration-ms="923" started-at="2020-10-12T11:42:34Z" finished-at="2020-10-12T11:42:35Z">
          <reporter-output>
          </reporter-output>
        </test-method> <!-- tearDown -->
        <test-method status="PASS" signature="setUp()[pri:0, instance:com.test.InvocationCountTest@5419f379]" name="setUp" is-config="true" duration-ms="9681" started-at="2020-10-12T11:42:35Z" finished-at="2020-10-12T11:42:44Z">
          <reporter-output>
          </reporter-output>
        </test-method> <!-- setUp -->
        <test-method status="PASS" signature="rememberTest()[pri:0, instance:com.test.InvocationCountTest@5419f379]" name="rememberTest" duration-ms="384" started-at="2020-10-12T11:42:44Z" finished-at="2020-10-12T11:42:45Z">
          <reporter-output>
          </reporter-output>
        </test-method> <!-- rememberTest -->
        <test-method status="PASS" signature="tearDown()[pri:0, instance:com.test.InvocationCountTest@5419f379]" name="tearDown" is-config="true" duration-ms="1189" started-at="2020-10-12T11:42:45Z" finished-at="2020-10-12T11:42:46Z">
          <reporter-output>
          </reporter-output>
        </test-method> <!-- tearDown -->
      </class> <!-- com.test.InvocationCountTest -->
      <class name="com.test.GooglePageTest">
        <test-method status="PASS" signature="setUp()[pri:0, instance:com.test.GooglePageTest@7dc7cbad]" name="setUp" is-config="true" duration-ms="8483" started-at="2020-10-12T11:42:46Z" finished-at="2020-10-12T11:42:54Z">
          <reporter-output>
          </reporter-output>
        </test-method> <!-- setUp -->
        <test-method status="PASS" signature="checkBoxTest()[pri:0, instance:com.test.GooglePageTest@7dc7cbad]" name="checkBoxTest" duration-ms="55" started-at="2020-10-12T11:42:54Z" finished-at="2020-10-12T11:42:54Z">
          <reporter-output>
          </reporter-output>
        </test-method> <!-- checkBoxTest -->
        <test-method status="PASS" signature="tearDown()[pri:0, instance:com.test.GooglePageTest@7dc7cbad]" name="tearDown" is-config="true" duration-ms="692" started-at="2020-10-12T11:42:54Z" finished-at="2020-10-12T11:42:55Z">
          <reporter-output>
          </reporter-output>
        </test-method> <!-- tearDown -->
        <test-method status="PASS" signature="setUp()[pri:0, instance:com.test.GooglePageTest@7dc7cbad]" name="setUp" is-config="true" duration-ms="8406" started-at="2020-10-12T11:42:55Z" finished-at="2020-10-12T11:43:04Z">
          <reporter-output>
          </reporter-output>
        </test-method> <!-- setUp -->
        <test-method status="PASS" signature="loginTest()[pri:0, instance:com.test.GooglePageTest@7dc7cbad]" name="loginTest" duration-ms="118" started-at="2020-10-12T11:43:04Z" finished-at="2020-10-12T11:43:04Z">
          <reporter-output>
          </reporter-output>
        </test-method> <!-- loginTest -->
        <test-method status="PASS" signature="tearDown()[pri:0, instance:com.test.GooglePageTest@7dc7cbad]" name="tearDown" is-config="true" duration-ms="1185" started-at="2020-10-12T11:43:04Z" finished-at="2020-10-12T11:43:05Z">
          <reporter-output>
          </reporter-output>
        </test-method> <!-- tearDown -->
        <test-method status="PASS" signature="setUp()[pri:0, instance:com.test.GooglePageTest@7dc7cbad]" name="setUp" is-config="true" duration-ms="8801" started-at="2020-10-12T11:43:05Z" finished-at="2020-10-12T11:43:14Z">
          <reporter-output>
          </reporter-output>
        </test-method> <!-- setUp -->
        <test-method status="PASS" signature="rememberTest()[pri:0, instance:com.test.GooglePageTest@7dc7cbad]" name="rememberTest" duration-ms="494" started-at="2020-10-12T11:43:14Z" finished-at="2020-10-12T11:43:14Z">
          <reporter-output>
          </reporter-output>
        </test-method> <!-- rememberTest -->
        <test-method status="PASS" signature="tearDown()[pri:0, instance:com.test.GooglePageTest@7dc7cbad]" name="tearDown" is-config="true" duration-ms="909" started-at="2020-10-12T11:43:14Z" finished-at="2020-10-12T11:43:15Z">
          <reporter-output>
          </reporter-output>
        </test-method> <!-- tearDown -->
      </class> <!-- com.test.GooglePageTest -->
      <class name="com.test.TestngFeatures">
        <test-method status="PASS" signature="loginTest()[pri:0, instance:com.test.TestngFeatures@4520ebad]" name="loginTest" duration-ms="7" started-at="2020-10-12T11:40:00Z" finished-at="2020-10-12T11:40:00Z">
          <reporter-output>
          </reporter-output>
        </test-method> <!-- loginTest -->
        <test-method status="PASS" signature="HomePageTest()[pri:0, instance:com.test.TestngFeatures@4520ebad]" name="HomePageTest" duration-ms="3" started-at="2020-10-12T11:40:00Z" depends-on-methods="com.test.TestngFeatures.loginTest" finished-at="2020-10-12T11:40:00Z">
          <reporter-output>
          </reporter-output>
        </test-method> <!-- HomePageTest -->
      </class> <!-- com.test.TestngFeatures -->
    </test> <!-- Differnt test methods -->
  </suite> <!-- TestNg Session -->
</testng-results>
