<?xml version="1.0" encoding="UTF-8"?>
<!-- Generated by org.testng.reporters.JUnitXMLReporter -->
<testsuite hostname="DESKTOP-AMG9M4J" name="Differnt test methods" tests="19" failures="0" timestamp="12 Oct 2020 06:14:15 GMT" time="255.328" errors="0">
  <testcase name="loginTest" time="0.007" classname="com.test.TestngFeatures"/>
  <testcase name="HomePageTest" time="0.003" classname="com.test.TestngFeatures"/>
  <testcase name="googleTitleTest" time="0.006" classname="com.test.TestngBasics"/>
  <testcase name="searchTest" time="0.005" classname="com.test.TestngBasics"/>
  <testcase name="checkBoxTest" time="0.479" classname="com.test.InvocationCountTest"/>
  <testcase name="loginTest" time="1.166" classname="com.test.InvocationCountTest"/>
  <testcase name="rememberTest" time="0.347" classname="com.test.InvocationCountTest"/>
  <testcase name="rememberTest" time="0.817" classname="com.test.InvocationCountTest"/>
  <testcase name="rememberTest" time="3.019" classname="com.test.InvocationCountTest"/>
  <testcase name="rememberTest" time="0.173" classname="com.test.InvocationCountTest"/>
  <testcase name="rememberTest" time="0.384" classname="com.test.InvocationCountTest"/>
  <testcase name="checkBoxTest" time="0.055" classname="com.test.GooglePageTest"/>
  <testcase name="loginTest" time="0.118" classname="com.test.GooglePageTest"/>
  <testcase name="rememberTest" time="0.494" classname="com.test.GooglePageTest"/>
  <testcase name="test1" time="0.002" classname="com.test.ExceptionTimeoutTest"/>
  <testcase name="checkBoxTest" time="0.129" classname="com.test.AssertionConcept"/>
  <testcase name="loginTest" time="0.143" classname="com.test.AssertionConcept"/>
  <testcase name="navigateTest" time="5.468" classname="com.test.AssertionConcept"/>
  <testcase name="rememberTest" time="0.348" classname="com.test.AssertionConcept"/>
</testsuite> <!-- Differnt test methods -->
